{"action": "create_account", "account_id": "ACC0001", "name": "jimmy", "initial_balance": "1000", "status": "success", "timestamp": "2025-03-30T11:22:16.946919"}
{"action": "create_account", "account_id": "ACC0001", "name": "james", "initial_balance": "1000", "status": "success", "timestamp": "2025-03-30T15:57:45.169353", "processing_timestamp": "2025-03-30T15:57:45.169394", "log_level": "INFO"}
{"action": "create_account", "account_id": "ACC0001", "name": "Alice", "initial_balance": "1000.00", "status": "success", "timestamp": "2025-03-30T16:40:48.452221", "processing_timestamp": "2025-03-30T16:40:48.452228", "log_level": "INFO"}
{"action": "create_account", "account_id": "ACC0002", "name": "Bob", "initial_balance": "500.00", "status": "success", "timestamp": "2025-03-30T16:40:48.452483", "processing_timestamp": "2025-03-30T16:40:48.452486", "log_level": "INFO"}
{"action": "deposit", "account_id": "ACC0001", "amount": "200.00", "status": "success", "timestamp": "2025-03-30T16:40:48.452594", "processing_timestamp": "2025-03-30T16:40:48.452596", "log_level": "INFO"}
{"action": "withdraw", "account_id": "ACC0002", "amount": "100.00", "status": "success", "timestamp": "2025-03-30T16:40:48.452709", "processing_timestamp": "2025-03-30T16:40:48.452711", "log_level": "INFO"}
{"action": "transfer", "from_account_id": "ACC0001", "to_account_id": "ACC0002", "amount": "300.00", "status": "success", "timestamp": "2025-03-30T16:40:48.452851", "processing_timestamp": "2025-03-30T16:40:48.452853", "log_level": "INFO"}
{"action": "save_to_storage", "status": "failed", "reason": "save_accounts() takes 2 positional arguments but 3 were given", "timestamp": "2025-03-30T16:40:48.452944", "processing_timestamp": "2025-03-30T16:40:48.452946", "log_level": "INFO"}
{"action": "create_account", "account_id": "ACC0001", "name": "Alice", "initial_balance": "1000.00", "status": "success", "timestamp": "2025-03-30T16:42:21.759916", "processing_timestamp": "2025-03-30T16:42:21.759922", "log_level": "INFO"}
{"action": "create_account", "account_id": "ACC0002", "name": "Bob", "initial_balance": "500.00", "status": "success", "timestamp": "2025-03-30T16:42:21.760088", "processing_timestamp": "2025-03-30T16:42:21.760091", "log_level": "INFO"}
{"action": "deposit", "account_id": "ACC0001", "amount": "200.00", "status": "success", "timestamp": "2025-03-30T16:42:21.760209", "processing_timestamp": "2025-03-30T16:42:21.760212", "log_level": "INFO"}
{"action": "withdraw", "account_id": "ACC0002", "amount": "100.00", "status": "success", "timestamp": "2025-03-30T16:42:21.760471", "processing_timestamp": "2025-03-30T16:42:21.760473", "log_level": "INFO"}
{"action": "transfer", "from_account_id": "ACC0001", "to_account_id": "ACC0002", "amount": "300.00", "status": "success", "timestamp": "2025-03-30T16:42:21.760554", "processing_timestamp": "2025-03-30T16:42:21.760556", "log_level": "INFO"}
{"action": "save_to_storage", "status": "success", "timestamp": "2025-03-30T16:42:21.761306", "processing_timestamp": "2025-03-30T16:42:21.761310", "log_level": "INFO"}
{"action": "create_account", "account_id": "ACC0001", "name": "jimmy", "initial_balance": "1000", "status": "success", "timestamp": "2025-03-30T16:57:00.451261", "processing_timestamp": "2025-03-30T16:57:00.451310", "log_level": "INFO"}
{"action": "create_account", "account_id": "ACC0002", "name": "jamie", "initial_balance": "100", "status": "success", "timestamp": "2025-03-30T16:57:07.188105", "processing_timestamp": "2025-03-30T16:57:07.188143", "log_level": "INFO"}
{"action": "create_account", "account_id": "ACC0001", "name": "jimmy", "initial_balance": "1000", "status": "success", "timestamp": "2025-03-30T17:00:54.172235", "processing_timestamp": "2025-03-30T17:00:54.172305", "log_level": "INFO"}
{"action": "create_account", "account_id": "ACC0002", "name": "jamie", "initial_balance": "111", "status": "success", "timestamp": "2025-03-30T17:01:00.084795", "processing_timestamp": "2025-03-30T17:01:00.084843", "log_level": "INFO"}
{"action": "create_account", "account_id": "ACC0001", "name": "jimmy", "initial_balance": "1000", "status": "success", "timestamp": "2025-03-30T17:02:18.423454", "processing_timestamp": "2025-03-30T17:02:18.423650", "log_level": "INFO"}
{"action": "create_account", "account_id": "ACC0001", "name": "jamie", "initial_balance": "100", "status": "success", "timestamp": "2025-03-30T17:03:15.358205", "processing_timestamp": "2025-03-30T17:03:15.358259", "log_level": "INFO"}
{"action": "create_account", "account_id": "ACC0001", "name": "jamie", "initial_balance": "1000", "status": "success", "timestamp": "2025-03-30T17:07:02.144387", "processing_timestamp": "2025-03-30T17:07:02.144430", "log_level": "INFO"}
{"action": "save_to_storage", "status": "success", "timestamp": "2025-03-30T17:07:11.385045", "processing_timestamp": "2025-03-30T17:07:11.385086", "log_level": "INFO"}
{"action": "create_account", "account_id": "ACC0001", "name": "john", "initial_balance": "100", "status": "success", "timestamp": "2025-03-30T18:13:01.284560", "processing_timestamp": "2025-03-30T18:13:01.284622", "log_level": "INFO"}
{"action": "create_account", "account_id": "ACC0002", "name": "jay", "initial_balance": "100", "status": "success", "timestamp": "2025-03-30T18:13:15.850138", "processing_timestamp": "2025-03-30T18:13:15.850193", "log_level": "INFO"}
{"action": "save_to_storage", "status": "success", "timestamp": "2025-03-30T18:13:23.337033", "processing_timestamp": "2025-03-30T18:13:23.337071", "log_level": "INFO"}
{"action": "create_account", "account_id": "ACC0002", "name": "john", "initial_balance": "100", "status": "success", "timestamp": "2025-03-30T18:13:56.453542", "processing_timestamp": "2025-03-30T18:13:56.453603", "log_level": "INFO"}
{"action": "create_account", "account_id": "ACC0003", "name": "jenny", "initial_balance": "100", "status": "success", "timestamp": "2025-03-30T18:14:07.887210", "processing_timestamp": "2025-03-30T18:14:07.887264", "log_level": "INFO"}
{"action": "save_to_storage", "status": "success", "timestamp": "2025-03-30T18:14:12.620420", "processing_timestamp": "2025-03-30T18:14:12.620445", "log_level": "INFO"}
{"action": "deposit", "account_id": "ACC0001", "amount": "1000", "status": "success", "timestamp": "2025-03-30T18:31:48.501015", "processing_timestamp": "2025-03-30T18:31:48.501057", "log_level": "INFO"}
{"action": "deposit", "account_id": "ACC0001", "amount": "1000", "status": "success", "timestamp": "2025-03-30T18:32:38.940065", "processing_timestamp": "2025-03-30T18:32:38.940120", "log_level": "INFO"}
{"action": "save_to_storage", "status": "success", "timestamp": "2025-03-30T18:32:42.771445", "processing_timestamp": "2025-03-30T18:32:42.771489", "log_level": "INFO"}
{"action": "load_from_storage", "status": "success", "timestamp": "2025-03-30T18:40:41.814575", "processing_timestamp": "2025-03-30T18:40:41.814717", "log_level": "INFO"}
{"action": "transfer", "from_account_id": "ACC0001", "to_account_id": "ACC0002", "amount": "100", "status": "success", "timestamp": "2025-03-30T18:41:33.140448", "processing_timestamp": "2025-03-30T18:41:33.140491", "log_level": "INFO"}
{"action": "save_to_storage", "status": "success", "timestamp": "2025-03-30T18:41:41.005039", "processing_timestamp": "2025-03-30T18:41:41.005065", "log_level": "INFO"}
{"action": "transfer", "from_account_id": "ACC0001", "to_account_id": "ACC0002", "amount": "5", "status": "success", "timestamp": "2025-03-30T18:42:11.360165", "processing_timestamp": "2025-03-30T18:42:11.360238", "log_level": "INFO"}
{"action": "save_to_storage", "status": "success", "timestamp": "2025-03-30T18:42:21.845294", "processing_timestamp": "2025-03-30T18:42:21.845340", "log_level": "INFO"}
{"action": "save_to_storage", "status": "success", "timestamp": "2025-03-30T18:53:08.105205", "processing_timestamp": "2025-03-30T18:53:08.105234", "log_level": "INFO"}
{"action": "save_to_storage", "status": "success", "timestamp": "2025-03-30T22:13:35.075577", "processing_timestamp": "2025-03-30T22:13:35.075609", "log_level": "INFO"}
{"action": "save_to_storage", "status": "success", "timestamp": "2025-03-30T22:14:23.062934", "processing_timestamp": "2025-03-30T22:14:23.062987", "log_level": "INFO"}
{"action": "create_account", "account_id": "ACC0003", "name": "Joe", "initial_balance": "1000", "status": "success", "timestamp": "2025-03-30T22:14:50.300332", "processing_timestamp": "2025-03-30T22:14:50.300400", "log_level": "INFO"}
{"action": "deposit", "account_id": "ACC0003", "amount": "1000", "status": "success", "timestamp": "2025-03-30T22:15:37.262948", "processing_timestamp": "2025-03-30T22:15:37.262980", "log_level": "INFO"}
{"action": "save_to_storage", "status": "success", "timestamp": "2025-03-30T22:15:54.064231", "processing_timestamp": "2025-03-30T22:15:54.064258", "log_level": "INFO"}
{"action": "withdraw", "account_id": "ACC0003", "amount": "500", "status": "success", "timestamp": "2025-03-30T22:16:14.677511", "processing_timestamp": "2025-03-30T22:16:14.677567", "log_level": "INFO"}
{"action": "save_to_storage", "status": "success", "timestamp": "2025-03-30T22:16:22.377287", "processing_timestamp": "2025-03-30T22:16:22.377323", "log_level": "INFO"}
{"action": "withdraw", "account_id": "ACC0003", "amount": "2000", "status": "failed", "reason": "Insufficient funds", "timestamp": "2025-03-30T22:16:43.016127", "processing_timestamp": "2025-03-30T22:16:43.016216", "log_level": "INFO"}
{"action": "transfer", "from_account_id": "ACC0003", "to_account_id": "ACC0002", "amount": "500", "status": "success", "timestamp": "2025-03-30T22:17:11.865617", "processing_timestamp": "2025-03-30T22:17:11.865660", "log_level": "INFO"}
{"action": "transfer", "from_account_id": "ACC0003", "to_account_id": "2000", "amount": "1", "status": "failed", "reason": "Account not found", "timestamp": "2025-03-30T22:17:54.155498", "processing_timestamp": "2025-03-30T22:17:54.155539", "log_level": "INFO"}
{"action": "transfer", "from_account_id": "ACC0003", "to_account_id": "ACC0002", "amount": "2000", "status": "failed", "reason": "Insufficient funds", "timestamp": "2025-03-30T22:18:08.208824", "processing_timestamp": "2025-03-30T22:18:08.208853", "log_level": "INFO"}
{"action": "transfer", "from_account_id": "ACC0003", "to_account_id": "ACC0002", "amount": "1000", "status": "success", "timestamp": "2025-03-30T22:18:17.789911", "processing_timestamp": "2025-03-30T22:18:17.789945", "log_level": "INFO"}
{"action": "save_to_storage", "status": "success", "timestamp": "2025-03-30T22:18:26.543510", "processing_timestamp": "2025-03-30T22:18:26.543538", "log_level": "INFO"}
{"action": "save_to_storage", "status": "success", "timestamp": "2025-03-30T22:34:55.716275", "processing_timestamp": "2025-03-30T22:34:55.716327", "log_level": "INFO"}
{"action": "save_to_storage", "status": "success", "timestamp": "2025-03-30T22:41:17.954963", "processing_timestamp": "2025-03-30T22:41:17.954985", "log_level": "INFO"}
